This file contains any messages produced by compilers while
running configure, to aid debugging if configure makes a mistake.

It was created by OzyJanusUtils configure 0.1.0, which was
generated by GNU Autoconf 2.61.  Invocation command line was

  $ ./configure 

## --------- ##
## Platform. ##
## --------- ##

hostname = w3sz-desktop
uname -m = x86_64
uname -r = 2.6.27-13-generic
uname -s = Linux
uname -v = #1 SMP Thu Feb 26 07:31:49 UTC 2009

/usr/bin/uname -p = unknown
/bin/uname -X     = unknown

/bin/arch              = unknown
/usr/bin/arch -k       = unknown
/usr/convex/getsysinfo = unknown
/usr/bin/hostinfo      = unknown
/bin/machine           = unknown
/usr/bin/oslevel       = unknown
/bin/universe          = unknown

PATH: /usr/local/sbin
PATH: /usr/local/bin
PATH: /usr/sbin
PATH: /usr/bin
PATH: /sbin
PATH: /bin
PATH: /usr/games
PATH: /opt/Ice-3.3.0/bin/
PATH: /bin
PATH: /usr/lib/qt3/bin
PATH: /usr/bin/


## ----------- ##
## Core tests. ##
## ----------- ##

configure:1788: checking for a BSD-compatible install
configure:1844: result: /usr/bin/install -c
configure:1855: checking whether build environment is sane
configure:1898: result: yes
configure:1926: checking for a thread-safe mkdir -p
configure:1965: result: /bin/mkdir -p
configure:1978: checking for gawk
configure:1994: found /usr/bin/gawk
configure:2005: result: gawk
configure:2016: checking whether make sets $(MAKE)
configure:2037: result: yes
configure:2234: checking build system type
configure:2252: result: x86_64-unknown-linux-gnu
configure:2274: checking host system type
configure:2289: result: x86_64-unknown-linux-gnu
configure:2361: checking for gcc
configure:2377: found /usr/bin/gcc
configure:2388: result: gcc
configure:2626: checking for C compiler version
configure:2633: gcc --version >&5
gcc (Ubuntu 4.3.2-1ubuntu12) 4.3.2
Copyright (C) 2008 Free Software Foundation, Inc.
This is free software; see the source for copying conditions.  There is NO
warranty; not even for MERCHANTABILITY or FITNESS FOR A PARTICULAR PURPOSE.

configure:2636: $? = 0
configure:2643: gcc -v >&5
Using built-in specs.
Target: x86_64-linux-gnu
Configured with: ../src/configure -v --with-pkgversion='Ubuntu 4.3.2-1ubuntu12' --with-bugurl=file:///usr/share/doc/gcc-4.3/README.Bugs --enable-languages=c,c++,fortran,objc,obj-c++ --prefix=/usr --enable-shared --with-system-zlib --libexecdir=/usr/lib --without-included-gettext --enable-threads=posix --enable-nls --with-gxx-include-dir=/usr/include/c++/4.3 --program-suffix=-4.3 --enable-clocale=gnu --enable-libstdcxx-debug --enable-objc-gc --enable-mpfr --enable-checking=release --build=x86_64-linux-gnu --host=x86_64-linux-gnu --target=x86_64-linux-gnu
Thread model: posix
gcc version 4.3.2 (Ubuntu 4.3.2-1ubuntu12) 
configure:2646: $? = 0
configure:2653: gcc -V >&5
gcc: '-V' option must have argument
configure:2656: $? = 1
configure:2679: checking for C compiler default output file name
configure:2706: gcc    conftest.c  >&5
configure:2709: $? = 0
configure:2747: result: a.out
configure:2764: checking whether the C compiler works
configure:2774: ./a.out
configure:2777: $? = 0
configure:2794: result: yes
configure:2801: checking whether we are cross compiling
configure:2803: result: no
configure:2806: checking for suffix of executables
configure:2813: gcc -o conftest    conftest.c  >&5
configure:2816: $? = 0
configure:2840: result: 
configure:2846: checking for suffix of object files
configure:2872: gcc -c   conftest.c >&5
configure:2875: $? = 0
configure:2898: result: o
configure:2902: checking whether we are using the GNU C compiler
configure:2931: gcc -c   conftest.c >&5
configure:2937: $? = 0
configure:2954: result: yes
configure:2959: checking whether gcc accepts -g
configure:2989: gcc -c -g  conftest.c >&5
configure:2995: $? = 0
configure:3094: result: yes
configure:3111: checking for gcc option to accept ISO C89
configure:3185: gcc  -c -g -O2  conftest.c >&5
configure:3191: $? = 0
configure:3214: result: none needed
configure:3243: checking for style of include used by make
configure:3271: result: GNU
configure:3296: checking dependency style of gcc
configure:3387: result: gcc3
configure:3445: checking for ranlib
configure:3461: found /usr/bin/ranlib
configure:3472: result: ranlib
configure:3509: checking for usb_init in -lusb
configure:3544: gcc -o conftest -g -O2   conftest.c -lusb   >&5
configure:3550: $? = 0
configure:3568: result: yes
configure:3584: checking for jack_connect in -ljack
configure:3619: gcc -o conftest -g -O2   conftest.c -ljack  -lusb  >&5
configure:3625: $? = 0
configure:3643: result: yes
configure:3659: checking for pow in -lm
configure:3694: gcc -o conftest -g -O2   conftest.c -lm  -ljack -lusb  >&5
conftest.c:19: warning: conflicting types for built-in function 'pow'
configure:3700: $? = 0
configure:3718: result: yes
configure:3730: checking for pthread_create in -lpthread
configure:3765: gcc -o conftest -g -O2   conftest.c -lpthread  -lm -ljack -lusb  >&5
configure:3771: $? = 0
configure:3789: result: yes
configure:3807: checking how to run the C preprocessor
configure:3847: gcc -E  conftest.c
configure:3853: $? = 0
configure:3884: gcc -E  conftest.c
conftest.c:14:28: error: ac_nonexistent.h: No such file or directory
configure:3890: $? = 1
configure: failed program was:
| /* confdefs.h.  */
| #define PACKAGE_NAME "OzyJanusUtils"
| #define PACKAGE_TARNAME "ozyjanusutils"
| #define PACKAGE_VERSION "0.1.0"
| #define PACKAGE_STRING "OzyJanusUtils 0.1.0"
| #define PACKAGE_BUGREPORT "bob4xv@yarhoo.com.au"
| #define PACKAGE "ozyjanusutils"
| #define VERSION "0.1.0"
| #define HAVE_LIBUSB 1
| #define HAVE_LIBJACK 1
| #define HAVE_LIBM 1
| #define HAVE_LIBPTHREAD 1
| /* end confdefs.h.  */
| #include <ac_nonexistent.h>
configure:3923: result: gcc -E
configure:3952: gcc -E  conftest.c
configure:3958: $? = 0
configure:3989: gcc -E  conftest.c
conftest.c:14:28: error: ac_nonexistent.h: No such file or directory
configure:3995: $? = 1
configure: failed program was:
| /* confdefs.h.  */
| #define PACKAGE_NAME "OzyJanusUtils"
| #define PACKAGE_TARNAME "ozyjanusutils"
| #define PACKAGE_VERSION "0.1.0"
| #define PACKAGE_STRING "OzyJanusUtils 0.1.0"
| #define PACKAGE_BUGREPORT "bob4xv@yarhoo.com.au"
| #define PACKAGE "ozyjanusutils"
| #define VERSION "0.1.0"
| #define HAVE_LIBUSB 1
| #define HAVE_LIBJACK 1
| #define HAVE_LIBM 1
| #define HAVE_LIBPTHREAD 1
| /* end confdefs.h.  */
| #include <ac_nonexistent.h>
configure:4033: checking for grep that handles long lines and -e
configure:4107: result: /bin/grep
configure:4112: checking for egrep
configure:4190: result: /bin/grep -E
configure:4195: checking for ANSI C header files
configure:4225: gcc -c -g -O2  conftest.c >&5
configure:4231: $? = 0
configure:4330: gcc -o conftest -g -O2   conftest.c -lpthread -lm -ljack -lusb  >&5
configure:4333: $? = 0
configure:4339: ./conftest
configure:4342: $? = 0
configure:4359: result: yes
configure:4369: checking for sys/wait.h that is POSIX.1 compatible
configure:4405: gcc -c -g -O2  conftest.c >&5
configure:4411: $? = 0
configure:4426: result: yes
configure:4451: checking for sys/types.h
configure:4472: gcc -c -g -O2  conftest.c >&5
configure:4478: $? = 0
configure:4494: result: yes
configure:4451: checking for sys/stat.h
configure:4472: gcc -c -g -O2  conftest.c >&5
configure:4478: $? = 0
configure:4494: result: yes
configure:4451: checking for stdlib.h
configure:4472: gcc -c -g -O2  conftest.c >&5
configure:4478: $? = 0
configure:4494: result: yes
configure:4451: checking for string.h
configure:4472: gcc -c -g -O2  conftest.c >&5
configure:4478: $? = 0
configure:4494: result: yes
configure:4451: checking for memory.h
configure:4472: gcc -c -g -O2  conftest.c >&5
configure:4478: $? = 0
configure:4494: result: yes
configure:4451: checking for strings.h
configure:4472: gcc -c -g -O2  conftest.c >&5
configure:4478: $? = 0
configure:4494: result: yes
configure:4451: checking for inttypes.h
configure:4472: gcc -c -g -O2  conftest.c >&5
configure:4478: $? = 0
configure:4494: result: yes
configure:4451: checking for stdint.h
configure:4472: gcc -c -g -O2  conftest.c >&5
configure:4478: $? = 0
configure:4494: result: yes
configure:4451: checking for unistd.h
configure:4472: gcc -c -g -O2  conftest.c >&5
configure:4478: $? = 0
configure:4494: result: yes
configure:4527: checking stddef.h usability
configure:4544: gcc -c -g -O2  conftest.c >&5
configure:4550: $? = 0
configure:4564: result: yes
configure:4568: checking stddef.h presence
configure:4583: gcc -E  conftest.c
configure:4589: $? = 0
configure:4603: result: yes
configure:4636: checking for stddef.h
configure:4644: result: yes
configure:4527: checking stdio.h usability
configure:4544: gcc -c -g -O2  conftest.c >&5
configure:4550: $? = 0
configure:4564: result: yes
configure:4568: checking stdio.h presence
configure:4583: gcc -E  conftest.c
configure:4589: $? = 0
configure:4603: result: yes
configure:4636: checking for stdio.h
configure:4644: result: yes
configure:4517: checking for stdlib.h
configure:4523: result: yes
configure:4517: checking for unistd.h
configure:4523: result: yes
configure:4527: checking errno.h usability
configure:4544: gcc -c -g -O2  conftest.c >&5
configure:4550: $? = 0
configure:4564: result: yes
configure:4568: checking errno.h presence
configure:4583: gcc -E  conftest.c
configure:4589: $? = 0
configure:4603: result: yes
configure:4636: checking for errno.h
configure:4644: result: yes
configure:4527: checking math.h usability
configure:4544: gcc -c -g -O2  conftest.c >&5
configure:4550: $? = 0
configure:4564: result: yes
configure:4568: checking math.h presence
configure:4583: gcc -E  conftest.c
configure:4589: $? = 0
configure:4603: result: yes
configure:4636: checking for math.h
configure:4644: result: yes
configure:4527: checking usb.h usability
configure:4544: gcc -c -g -O2  conftest.c >&5
configure:4550: $? = 0
configure:4564: result: yes
configure:4568: checking usb.h presence
configure:4583: gcc -E  conftest.c
configure:4589: $? = 0
configure:4603: result: yes
configure:4636: checking for usb.h
configure:4644: result: yes
configure:4668: checking whether gcc needs -traditional
configure:4710: result: no
configure:4717: checking whether lstat dereferences a symlink specified with a trailing slash
configure:4753: gcc -o conftest -g -O2   conftest.c -lpthread -lm -ljack -lusb  >&5
configure:4756: $? = 0
configure:4762: ./conftest
configure:4765: $? = 0
configure:4788: result: yes
configure:4807: checking whether stat accepts an empty string
configure:4837: gcc -o conftest -g -O2   conftest.c -lpthread -lm -ljack -lusb  >&5
configure:4840: $? = 0
configure:4846: ./conftest
configure:4849: $? = 0
configure:4865: result: no
configure:4886: checking for strtol
configure:4942: gcc -o conftest -g -O2   conftest.c -lpthread -lm -ljack -lusb  >&5
configure:4948: $? = 0
configure:4966: result: yes
configure:5123: creating ./config.status

## ---------------------- ##
## Running config.status. ##
## ---------------------- ##

This file was extended by OzyJanusUtils config.status 0.1.0, which was
generated by GNU Autoconf 2.61.  Invocation command line was

  CONFIG_FILES    = 
  CONFIG_HEADERS  = 
  CONFIG_LINKS    = 
  CONFIG_COMMANDS = 
  $ ./config.status 

on w3sz-desktop

config.status:630: creating Makefile
config.status:630: creating object/Makefile
config.status:630: creating bin/Makefile
config.status:630: creating debug/Makefile
config.status:821: executing depfiles commands

## ---------------- ##
## Cache variables. ##
## ---------------- ##

ac_cv_build=x86_64-unknown-linux-gnu
ac_cv_c_compiler_gnu=yes
ac_cv_env_CC_set=
ac_cv_env_CC_value=
ac_cv_env_CFLAGS_set=
ac_cv_env_CFLAGS_value=
ac_cv_env_CPPFLAGS_set=
ac_cv_env_CPPFLAGS_value=
ac_cv_env_CPP_set=
ac_cv_env_CPP_value=
ac_cv_env_LDFLAGS_set=
ac_cv_env_LDFLAGS_value=
ac_cv_env_LIBS_set=
ac_cv_env_LIBS_value=
ac_cv_env_build_alias_set=
ac_cv_env_build_alias_value=
ac_cv_env_host_alias_set=
ac_cv_env_host_alias_value=
ac_cv_env_target_alias_set=
ac_cv_env_target_alias_value=
ac_cv_func_lstat_dereferences_slashed_symlink=yes
ac_cv_func_stat_empty_string_bug=no
ac_cv_func_strtol=yes
ac_cv_header_errno_h=yes
ac_cv_header_inttypes_h=yes
ac_cv_header_math_h=yes
ac_cv_header_memory_h=yes
ac_cv_header_stdc=yes
ac_cv_header_stddef_h=yes
ac_cv_header_stdint_h=yes
ac_cv_header_stdio_h=yes
ac_cv_header_stdlib_h=yes
ac_cv_header_string_h=yes
ac_cv_header_strings_h=yes
ac_cv_header_sys_stat_h=yes
ac_cv_header_sys_types_h=yes
ac_cv_header_sys_wait_h=yes
ac_cv_header_unistd_h=yes
ac_cv_header_usb_h=yes
ac_cv_host=x86_64-unknown-linux-gnu
ac_cv_lib_jack_jack_connect=yes
ac_cv_lib_m_pow=yes
ac_cv_lib_pthread_pthread_create=yes
ac_cv_lib_usb_usb_init=yes
ac_cv_objext=o
ac_cv_path_EGREP='/bin/grep -E'
ac_cv_path_GREP=/bin/grep
ac_cv_path_install='/usr/bin/install -c'
ac_cv_path_mkdir=/bin/mkdir
ac_cv_prog_AWK=gawk
ac_cv_prog_CPP='gcc -E'
ac_cv_prog_ac_ct_CC=gcc
ac_cv_prog_ac_ct_RANLIB=ranlib
ac_cv_prog_cc_c89=
ac_cv_prog_cc_g=yes
ac_cv_prog_gcc_traditional=no
ac_cv_prog_make_make_set=yes
am_cv_CC_dependencies_compiler_type=gcc3

## ----------------- ##
## Output variables. ##
## ----------------- ##

ACLOCAL='${SHELL} /hpsdr/trunk/OzyJanus-Jack/missing --run aclocal-1.10'
AMDEPBACKSLASH='\'
AMDEP_FALSE='#'
AMDEP_TRUE=''
AMTAR='${SHELL} /hpsdr/trunk/OzyJanus-Jack/missing --run tar'
AUTOCONF='${SHELL} /hpsdr/trunk/OzyJanus-Jack/missing --run autoconf'
AUTOHEADER='${SHELL} /hpsdr/trunk/OzyJanus-Jack/missing --run autoheader'
AUTOMAKE='${SHELL} /hpsdr/trunk/OzyJanus-Jack/missing --run automake-1.10'
AWK='gawk'
CC='gcc'
CCDEPMODE='depmode=gcc3'
CFLAGS='-g -O2'
CPP='gcc -E'
CPPFLAGS=''
CYGPATH_W='echo'
DEFS='-DPACKAGE_NAME=\"OzyJanusUtils\" -DPACKAGE_TARNAME=\"ozyjanusutils\" -DPACKAGE_VERSION=\"0.1.0\" -DPACKAGE_STRING=\"OzyJanusUtils\ 0.1.0\" -DPACKAGE_BUGREPORT=\"bob4xv@yarhoo.com.au\" -DPACKAGE=\"ozyjanusutils\" -DVERSION=\"0.1.0\" -DHAVE_LIBUSB=1 -DHAVE_LIBJACK=1 -DHAVE_LIBM=1 -DHAVE_LIBPTHREAD=1 -DSTDC_HEADERS=1 -DHAVE_SYS_WAIT_H=1 -DHAVE_SYS_TYPES_H=1 -DHAVE_SYS_STAT_H=1 -DHAVE_STDLIB_H=1 -DHAVE_STRING_H=1 -DHAVE_MEMORY_H=1 -DHAVE_STRINGS_H=1 -DHAVE_INTTYPES_H=1 -DHAVE_STDINT_H=1 -DHAVE_UNISTD_H=1 -DHAVE_STDDEF_H=1 -DHAVE_STDIO_H=1 -DHAVE_STDLIB_H=1 -DHAVE_UNISTD_H=1 -DHAVE_ERRNO_H=1 -DHAVE_MATH_H=1 -DHAVE_USB_H=1 -DLSTAT_FOLLOWS_SLASHED_SYMLINK=1 -DHAVE_STRTOL=1'
DEPDIR='.deps'
ECHO_C=''
ECHO_N='-n'
ECHO_T=''
EGREP='/bin/grep -E'
EXEEXT=''
GREP='/bin/grep'
INSTALL_DATA='${INSTALL} -m 644'
INSTALL_PROGRAM='${INSTALL}'
INSTALL_SCRIPT='${INSTALL}'
INSTALL_STRIP_PROGRAM='$(install_sh) -c -s'
LDFLAGS=''
LIBOBJS=''
LIBS='-lpthread -lm -ljack -lusb '
LTLIBOBJS=''
MAKEINFO='${SHELL} /hpsdr/trunk/OzyJanus-Jack/missing --run makeinfo'
OBJEXT='o'
PACKAGE='ozyjanusutils'
PACKAGE_BUGREPORT='bob4xv@yarhoo.com.au'
PACKAGE_NAME='OzyJanusUtils'
PACKAGE_STRING='OzyJanusUtils 0.1.0'
PACKAGE_TARNAME='ozyjanusutils'
PACKAGE_VERSION='0.1.0'
PATH_SEPARATOR=':'
RANLIB='ranlib'
SET_MAKE=''
SHELL='/bin/bash'
STRIP=''
VERSION='0.1.0'
ac_ct_CC='gcc'
am__fastdepCC_FALSE='#'
am__fastdepCC_TRUE=''
am__include='include'
am__isrc=''
am__leading_dot='.'
am__quote=''
am__tar='${AMTAR} chof - "$$tardir"'
am__untar='${AMTAR} xf -'
bindir='${exec_prefix}/bin'
build='x86_64-unknown-linux-gnu'
build_alias=''
build_cpu='x86_64'
build_os='linux-gnu'
build_vendor='unknown'
datadir='${datarootdir}'
datarootdir='${prefix}/share'
docdir='${datarootdir}/doc/${PACKAGE_TARNAME}'
dvidir='${docdir}'
exec_prefix='${prefix}'
host='x86_64-unknown-linux-gnu'
host_alias=''
host_cpu='x86_64'
host_os='linux-gnu'
host_vendor='unknown'
htmldir='${docdir}'
includedir='${prefix}/include'
infodir='${datarootdir}/info'
install_sh='$(SHELL) /hpsdr/trunk/OzyJanus-Jack/install-sh'
libdir='${exec_prefix}/lib'
libexecdir='${exec_prefix}/libexec'
localedir='${datarootdir}/locale'
localstatedir='${prefix}/var'
mandir='${datarootdir}/man'
mkdir_p='/bin/mkdir -p'
oldincludedir='/usr/include'
pdfdir='${docdir}'
prefix='/usr/local'
program_transform_name='s,x,x,'
psdir='${docdir}'
sbindir='${exec_prefix}/sbin'
sharedstatedir='${prefix}/com'
sysconfdir='${prefix}/etc'
target_alias=''

## ----------- ##
## confdefs.h. ##
## ----------- ##

#define PACKAGE_NAME "OzyJanusUtils"
#define PACKAGE_TARNAME "ozyjanusutils"
#define PACKAGE_VERSION "0.1.0"
#define PACKAGE_STRING "OzyJanusUtils 0.1.0"
#define PACKAGE_BUGREPORT "bob4xv@yarhoo.com.au"
#define PACKAGE "ozyjanusutils"
#define VERSION "0.1.0"
#define HAVE_LIBUSB 1
#define HAVE_LIBJACK 1
#define HAVE_LIBM 1
#define HAVE_LIBPTHREAD 1
#define STDC_HEADERS 1
#define HAVE_SYS_WAIT_H 1
#define HAVE_SYS_TYPES_H 1
#define HAVE_SYS_STAT_H 1
#define HAVE_STDLIB_H 1
#define HAVE_STRING_H 1
#define HAVE_MEMORY_H 1
#define HAVE_STRINGS_H 1
#define HAVE_INTTYPES_H 1
#define HAVE_STDINT_H 1
#define HAVE_UNISTD_H 1
#define HAVE_STDDEF_H 1
#define HAVE_STDIO_H 1
#define HAVE_STDLIB_H 1
#define HAVE_UNISTD_H 1
#define HAVE_ERRNO_H 1
#define HAVE_MATH_H 1
#define HAVE_USB_H 1
#define LSTAT_FOLLOWS_SLASHED_SYMLINK 1
#define HAVE_STRTOL 1

configure: exit 0
